0 info it worked if it ends with ok
1 verbose cli [ 'D:\\soft\\nodejs\\node.exe',
1 verbose cli   'D:\\soft\\nodejs\\node_modules\\npm\\bin\\npm-cli.js',
1 verbose cli   'run',
1 verbose cli   'watch' ]
2 info using npm@3.6.0
3 info using node@v5.6.0
4 verbose run-script [ 'prewatch', 'watch', 'postwatch' ]
5 info lifecycle html5-animate@1.0.0~prewatch: html5-animate@1.0.0
6 silly lifecycle html5-animate@1.0.0~prewatch: no script for prewatch, continuing
7 info lifecycle html5-animate@1.0.0~watch: html5-animate@1.0.0
8 verbose lifecycle html5-animate@1.0.0~watch: unsafe-perm in lifecycle true
9 verbose lifecycle html5-animate@1.0.0~watch: PATH: D:\soft\nodejs\node_modules\npm\bin\node-gyp-bin;E:\works\2016PR\node_modules\.bin;D:\soft\Git\mingw64\bin;D:\soft\Git\usr\bin;C:\Users\zhangs27\bin;C:\cygwin64\bin;D:\soft\Python27\Scripts;C:\windows\system32;C:\windows;C:\windows\System32\Wbem;C:\windows\System32\WindowsPowerShell\v1.0;D:\soft\nodejs;D:\soft\gradle-2.6\bin;D:\soft\apache-tomcat-8.5.5\bin;C:\Program Files\Java\jdk1.7.0_79\bin;D:\soft\mysql-5.6.24-win32\bin;D:\soft\Redis;D:\soft\Python27;D:\soft\Git\usr\bin;C:\mongodb\bin;C:\Users\zhangs27\AppData\Roaming\npm;D:\soft\Microsoft VS Code\bin;D:\soft\gradle-2.6\bin;D:\soft\Boot2Docker for Windows
10 verbose lifecycle html5-animate@1.0.0~watch: CWD: E:\works\2016PR
11 silly lifecycle html5-animate@1.0.0~watch: Args: [ '/d /s /c', 'gulp' ]
12 silly lifecycle html5-animate@1.0.0~watch: Returned: code: 1  signal: null
13 info lifecycle html5-animate@1.0.0~watch: Failed to exec watch script
14 verbose stack Error: html5-animate@1.0.0 watch: `gulp`
14 verbose stack Exit status 1
14 verbose stack     at EventEmitter.<anonymous> (D:\soft\nodejs\node_modules\npm\lib\utils\lifecycle.js:232:16)
14 verbose stack     at emitTwo (events.js:100:13)
14 verbose stack     at EventEmitter.emit (events.js:185:7)
14 verbose stack     at ChildProcess.<anonymous> (D:\soft\nodejs\node_modules\npm\lib\utils\spawn.js:24:14)
14 verbose stack     at emitTwo (events.js:100:13)
14 verbose stack     at ChildProcess.emit (events.js:185:7)
14 verbose stack     at maybeClose (internal/child_process.js:827:16)
14 verbose stack     at Process.ChildProcess._handle.onexit (internal/child_process.js:211:5)
15 verbose pkgid html5-animate@1.0.0
16 verbose cwd E:\works\2016PR
17 error Windows_NT 6.1.7601
18 error argv "D:\\soft\\nodejs\\node.exe" "D:\\soft\\nodejs\\node_modules\\npm\\bin\\npm-cli.js" "run" "watch"
19 error node v5.6.0
20 error npm  v3.6.0
21 error code ELIFECYCLE
22 error html5-animate@1.0.0 watch: `gulp`
22 error Exit status 1
23 error Failed at the html5-animate@1.0.0 watch script 'gulp'.
23 error Make sure you have the latest version of node.js and npm installed.
23 error If you do, this is most likely a problem with the html5-animate package,
23 error not with npm itself.
23 error Tell the author that this fails on your system:
23 error     gulp
23 error You can get information on how to open an issue for this project with:
23 error     npm bugs html5-animate
23 error Or if that isn't available, you can get their info via:
23 error     npm owner ls html5-animate
23 error There is likely additional logging output above.
24 verbose exit [ 1, true ]
